  swap.cpp
d:\program files (x86)\microsoft visual studio\2017\community\vc\tools\msvc\14.16.27023\include\vector(2048): error C2039: “_Alloc”: 不是“Widget”的成员
  c:\users\asus\source\repos\菜就多训练\swap\swap.cpp(11): note: 参见“Widget”的声明
  d:\program files (x86)\microsoft visual studio\2017\community\vc\tools\msvc\14.16.27023\include\vector(2096): note: 参见对正在编译的 类 模板 实例化 "std::_Vb_iter_base<_Alvbase_wrapped>" 的引用
          with
          [
              _Alvbase_wrapped=Widget
          ]
  c:\users\asus\source\repos\菜就多训练\swap\swap.cpp(46): note: 参见对正在编译的 类 模板 实例化 "std::_Vb_reference<Widget>" 的引用
d:\program files (x86)\microsoft visual studio\2017\community\vc\tools\msvc\14.16.27023\include\vector(2048): error C2061: 语法错误: 标识符“_Alloc”
d:\program files (x86)\microsoft visual studio\2017\community\vc\tools\msvc\14.16.27023\include\vector(2049): error C2065: “_Alvbase”: 未声明的标识符
d:\program files (x86)\microsoft visual studio\2017\community\vc\tools\msvc\14.16.27023\include\vector(2049): error C2923: “std::allocator_traits”: 对于参数“_Alloc”，“_Alvbase”不是有效的 模板 类型变量
d:\program files (x86)\microsoft visual studio\2017\community\vc\tools\msvc\14.16.27023\include\vector(2049): error C2903: “allocator_traits”: 符号既不是类 模板 也不是函数 模板
d:\program files (x86)\microsoft visual studio\2017\community\vc\tools\msvc\14.16.27023\include\vector(2049): error C2061: 语法错误: 标识符“size_type”
d:\program files (x86)\microsoft visual studio\2017\community\vc\tools\msvc\14.16.27023\include\vector(2050): error C2065: “_Alvbase”: 未声明的标识符
d:\program files (x86)\microsoft visual studio\2017\community\vc\tools\msvc\14.16.27023\include\vector(2050): error C2923: “std::allocator_traits”: 对于参数“_Alloc”，“_Alvbase”不是有效的 模板 类型变量
d:\program files (x86)\microsoft visual studio\2017\community\vc\tools\msvc\14.16.27023\include\vector(2050): error C2903: “allocator_traits”: 符号既不是类 模板 也不是函数 模板
d:\program files (x86)\microsoft visual studio\2017\community\vc\tools\msvc\14.16.27023\include\vector(2050): error C2061: 语法错误: 标识符“difference_type”
d:\program files (x86)\microsoft visual studio\2017\community\vc\tools\msvc\14.16.27023\include\vector(2051): error C2065: “_Alvbase”: 未声明的标识符
d:\program files (x86)\microsoft visual studio\2017\community\vc\tools\msvc\14.16.27023\include\vector(2051): error C2923: “std::_Rebind_alloc_t”: 对于参数“_Alloc”，“_Alvbase”不是有效的 模板 类型变量
d:\program files (x86)\microsoft visual studio\2017\community\vc\tools\msvc\14.16.27023\include\vector(2051): error C2903: “vector”: 符号既不是类 模板 也不是函数 模板
d:\program files (x86)\microsoft visual studio\2017\community\vc\tools\msvc\14.16.27023\include\vector(2058): error C2061: 语法错误: 标识符“_Sizet”
d:\program files (x86)\microsoft visual studio\2017\community\vc\tools\msvc\14.16.27023\include\vector(2065): error C2061: 语法错误: 标识符“_Sizet”
d:\program files (x86)\microsoft visual studio\2017\community\vc\tools\msvc\14.16.27023\include\vector(2072): error C2061: 语法错误: 标识符“_Sizet”
d:\program files (x86)\microsoft visual studio\2017\community\vc\tools\msvc\14.16.27023\include\vector(2089): error C3646: “_Myoff”: 未知重写说明符
d:\program files (x86)\microsoft visual studio\2017\community\vc\tools\msvc\14.16.27023\include\vector(2089): error C4430: 缺少类型说明符 - 假定为 int。注意: C++ 不支持默认 int
